0 info it worked if it ends with ok
1 verbose cli [ '/home/AD/arpit.jain/local/bin/node',
1 verbose cli   '/home/AD/arpit.jain/local/bin/npm',
1 verbose cli   'install',
1 verbose cli   'node-curl' ]
2 info using npm@4.1.2
3 info using node@v7.5.0
4 silly loadCurrentTree Starting
5 silly install loadCurrentTree
6 silly install readLocalPackageData
7 silly fetchPackageMetaData node-curl
8 silly fetchNamedPackageData node-curl
9 silly mapToRegistry name node-curl
10 silly mapToRegistry using default registry
11 silly mapToRegistry registry https://registry.npmjs.org/
12 silly mapToRegistry data Result {
12 silly mapToRegistry   raw: 'node-curl',
12 silly mapToRegistry   scope: null,
12 silly mapToRegistry   escapedName: 'node-curl',
12 silly mapToRegistry   name: 'node-curl',
12 silly mapToRegistry   rawSpec: '',
12 silly mapToRegistry   spec: 'latest',
12 silly mapToRegistry   type: 'tag' }
13 silly mapToRegistry uri https://registry.npmjs.org/node-curl
14 verbose request uri https://registry.npmjs.org/node-curl
15 verbose request no auth needed
16 info attempt registry request try #1 at 3:53:22 PM
17 verbose request id a5d8f4245063a3ef
18 verbose etag W/"594c6b18-506b"
19 verbose lastModified Fri, 23 Jun 2017 01:12:56 GMT
20 http request GET https://registry.npmjs.org/node-curl
21 http 304 https://registry.npmjs.org/node-curl
22 verbose headers { date: 'Fri, 13 Oct 2017 06:53:22 GMT',
22 verbose headers   via: '1.1 varnish',
22 verbose headers   'cache-control': 'max-age=300',
22 verbose headers   etag: 'W/"594c6b18-506b"',
22 verbose headers   age: '41',
22 verbose headers   connection: 'close',
22 verbose headers   'x-served-by': 'cache-nrt6130-NRT',
22 verbose headers   'x-cache': 'HIT',
22 verbose headers   'x-cache-hits': '1',
22 verbose headers   'x-timer': 'S1507877603.673352,VS0,VE0',
22 verbose headers   vary: 'Accept-Encoding, Accept' }
23 silly get cb [ 304,
23 silly get   { date: 'Fri, 13 Oct 2017 06:53:22 GMT',
23 silly get     via: '1.1 varnish',
23 silly get     'cache-control': 'max-age=300',
23 silly get     etag: 'W/"594c6b18-506b"',
23 silly get     age: '41',
23 silly get     connection: 'close',
23 silly get     'x-served-by': 'cache-nrt6130-NRT',
23 silly get     'x-cache': 'HIT',
23 silly get     'x-cache-hits': '1',
23 silly get     'x-timer': 'S1507877603.673352,VS0,VE0',
23 silly get     vary: 'Accept-Encoding, Accept' } ]
24 verbose etag https://registry.npmjs.org/node-curl from cache
25 verbose get saving node-curl to /home/AD/arpit.jain/.npm/registry.npmjs.org/node-curl/.cache.json
26 verbose correctMkdir /home/AD/arpit.jain/.npm correctMkdir not in flight; initializing
27 silly install normalizeTree
28 silly loadCurrentTree Finishing
29 silly loadIdealTree Starting
30 silly install loadIdealTree
31 silly cloneCurrentTree Starting
32 silly install cloneCurrentTreeToIdealTree
33 silly cloneCurrentTree Finishing
34 silly loadShrinkwrap Starting
35 silly install loadShrinkwrap
36 silly loadShrinkwrap Finishing
37 silly loadAllDepsIntoIdealTree Starting
38 silly install loadAllDepsIntoIdealTree
39 silly resolveWithNewModule node-curl@0.3.3 checking installable status
40 silly cache add args [ 'node-curl', null ]
41 verbose cache add spec node-curl
42 silly cache add parsed spec Result {
42 silly cache add   raw: 'node-curl',
42 silly cache add   scope: null,
42 silly cache add   escapedName: 'node-curl',
42 silly cache add   name: 'node-curl',
42 silly cache add   rawSpec: '',
42 silly cache add   spec: 'latest',
42 silly cache add   type: 'tag' }
43 silly addNamed node-curl@latest
44 verbose addNamed "latest" is being treated as a dist-tag for node-curl
45 info addNameTag [ 'node-curl', 'latest' ]
46 silly mapToRegistry name node-curl
47 silly mapToRegistry using default registry
48 silly mapToRegistry registry https://registry.npmjs.org/
49 silly mapToRegistry data Result {
49 silly mapToRegistry   raw: 'node-curl',
49 silly mapToRegistry   scope: null,
49 silly mapToRegistry   escapedName: 'node-curl',
49 silly mapToRegistry   name: 'node-curl',
49 silly mapToRegistry   rawSpec: '',
49 silly mapToRegistry   spec: 'latest',
49 silly mapToRegistry   type: 'tag' }
50 silly mapToRegistry uri https://registry.npmjs.org/node-curl
51 verbose addNameTag registry:https://registry.npmjs.org/node-curl not in flight; fetching
52 verbose get https://registry.npmjs.org/node-curl not expired, no request
53 silly addNameTag next cb for node-curl with tag latest
54 silly addNamed node-curl@0.3.3
55 verbose addNamed "0.3.3" is a plain semver version for node-curl
56 silly cache afterAdd node-curl@0.3.3
57 verbose afterAdd /home/AD/arpit.jain/.npm/node-curl/0.3.3/package/package.json not in flight; writing
58 verbose correctMkdir /home/AD/arpit.jain/.npm correctMkdir not in flight; initializing
59 verbose afterAdd /home/AD/arpit.jain/.npm/node-curl/0.3.3/package/package.json written
60 silly loadAllDepsIntoIdealTree Finishing
61 silly loadIdealTree Finishing
62 silly currentTree investocracy@1.0.0
62 silly currentTree ├── accepts@1.3.4
62 silly currentTree ├── array-flatten@1.1.1
62 silly currentTree ├── body-parser@1.18.2
62 silly currentTree ├── bytes@3.0.0
62 silly currentTree ├── content-disposition@0.5.2
62 silly currentTree ├── content-type@1.0.4
62 silly currentTree ├── cookie-signature@1.0.6
62 silly currentTree ├── cookie@0.3.1
62 silly currentTree ├── debug@2.6.9
62 silly currentTree ├── depd@1.1.1
62 silly currentTree ├── destroy@1.0.4
62 silly currentTree ├── ee-first@1.1.1
62 silly currentTree ├── encodeurl@1.0.1
62 silly currentTree ├── escape-html@1.0.3
62 silly currentTree ├── etag@1.8.1
62 silly currentTree ├── express@4.16.2
62 silly currentTree ├── finalhandler@1.1.0
62 silly currentTree ├── forwarded@0.1.2
62 silly currentTree ├── fresh@0.5.2
62 silly currentTree ├─┬ http-errors@1.6.2
62 silly currentTree │ └── setprototypeof@1.0.3
62 silly currentTree ├── iconv-lite@0.4.19
62 silly currentTree ├── inherits@2.0.3
62 silly currentTree ├── ipaddr.js@1.5.2
62 silly currentTree ├── media-typer@0.3.0
62 silly currentTree ├── merge-descriptors@1.0.1
62 silly currentTree ├── methods@1.1.2
62 silly currentTree ├── mime-db@1.30.0
62 silly currentTree ├── mime-types@2.1.17
62 silly currentTree ├── mime@1.4.1
62 silly currentTree ├── ms@2.0.0
62 silly currentTree ├── negotiator@0.6.1
62 silly currentTree ├── on-finished@2.3.0
62 silly currentTree ├── parseurl@1.3.2
62 silly currentTree ├── path-to-regexp@0.1.7
62 silly currentTree ├── proxy-addr@2.0.2
62 silly currentTree ├── qs@6.5.1
62 silly currentTree ├── range-parser@1.2.0
62 silly currentTree ├── raw-body@2.3.2
62 silly currentTree ├── safe-buffer@5.1.1
62 silly currentTree ├── send@0.16.1
62 silly currentTree ├── serve-static@1.13.1
62 silly currentTree ├── setprototypeof@1.1.0
62 silly currentTree ├── statuses@1.3.1
62 silly currentTree ├── type-is@1.6.15
62 silly currentTree ├── unpipe@1.0.0
62 silly currentTree ├── utils-merge@1.0.1
62 silly currentTree └── vary@1.1.2
63 silly idealTree investocracy@1.0.0
63 silly idealTree ├── accepts@1.3.4
63 silly idealTree ├── array-flatten@1.1.1
63 silly idealTree ├── body-parser@1.18.2
63 silly idealTree ├── bytes@3.0.0
63 silly idealTree ├── content-disposition@0.5.2
63 silly idealTree ├── content-type@1.0.4
63 silly idealTree ├── cookie-signature@1.0.6
63 silly idealTree ├── cookie@0.3.1
63 silly idealTree ├── debug@2.6.9
63 silly idealTree ├── depd@1.1.1
63 silly idealTree ├── destroy@1.0.4
63 silly idealTree ├── ee-first@1.1.1
63 silly idealTree ├── encodeurl@1.0.1
63 silly idealTree ├── escape-html@1.0.3
63 silly idealTree ├── etag@1.8.1
63 silly idealTree ├── express@4.16.2
63 silly idealTree ├── finalhandler@1.1.0
63 silly idealTree ├── forwarded@0.1.2
63 silly idealTree ├── fresh@0.5.2
63 silly idealTree ├─┬ http-errors@1.6.2
63 silly idealTree │ └── setprototypeof@1.0.3
63 silly idealTree ├── iconv-lite@0.4.19
63 silly idealTree ├── inherits@2.0.3
63 silly idealTree ├── ipaddr.js@1.5.2
63 silly idealTree ├── media-typer@0.3.0
63 silly idealTree ├── merge-descriptors@1.0.1
63 silly idealTree ├── methods@1.1.2
63 silly idealTree ├── mime-db@1.30.0
63 silly idealTree ├── mime-types@2.1.17
63 silly idealTree ├── mime@1.4.1
63 silly idealTree ├── ms@2.0.0
63 silly idealTree ├── negotiator@0.6.1
63 silly idealTree ├── node-curl@0.3.3
63 silly idealTree ├── on-finished@2.3.0
63 silly idealTree ├── parseurl@1.3.2
63 silly idealTree ├── path-to-regexp@0.1.7
63 silly idealTree ├── proxy-addr@2.0.2
63 silly idealTree ├── qs@6.5.1
63 silly idealTree ├── range-parser@1.2.0
63 silly idealTree ├── raw-body@2.3.2
63 silly idealTree ├── safe-buffer@5.1.1
63 silly idealTree ├── send@0.16.1
63 silly idealTree ├── serve-static@1.13.1
63 silly idealTree ├── setprototypeof@1.1.0
63 silly idealTree ├── statuses@1.3.1
63 silly idealTree ├── type-is@1.6.15
63 silly idealTree ├── unpipe@1.0.0
63 silly idealTree ├── utils-merge@1.0.1
63 silly idealTree └── vary@1.1.2
64 silly generateActionsToTake Starting
65 silly install generateActionsToTake
66 silly generateActionsToTake Finishing
67 silly diffTrees action count 1
68 silly diffTrees add node-curl@0.3.3
69 silly decomposeActions action count 8
70 silly decomposeActions fetch node-curl@0.3.3
71 silly decomposeActions extract node-curl@0.3.3
72 silly decomposeActions test node-curl@0.3.3
73 silly decomposeActions preinstall node-curl@0.3.3
74 silly decomposeActions build node-curl@0.3.3
75 silly decomposeActions install node-curl@0.3.3
76 silly decomposeActions postinstall node-curl@0.3.3
77 silly decomposeActions finalize node-curl@0.3.3
78 silly runTopLevelLifecycles Starting
79 silly executeActions Starting
80 silly install executeActions
81 silly doSerial global-install 0
82 silly doParallel fetch 1
83 verbose correctMkdir /home/AD/arpit.jain/.npm/_locks correctMkdir not in flight; initializing
84 verbose lock using /home/AD/arpit.jain/.npm/_locks/staging-48c8bf2939d3fd80.lock for /home/AD/arpit.jain/invstocracy/nodejs/node_modules/.staging
85 silly doParallel extract 1
86 silly extract node-curl@0.3.3
87 verbose unbuild node_modules/.staging/node-curl-d07f0715
88 silly gentlyRm /home/AD/arpit.jain/invstocracy/nodejs/node_modules/.staging/node-curl-d07f0715 is being purged from base /home/AD/arpit.jain/invstocracy/nodejs
89 verbose gentlyRm don't care about contents; nuking /home/AD/arpit.jain/invstocracy/nodejs/node_modules/.staging/node-curl-d07f0715
90 verbose tar unpack /home/AD/arpit.jain/.npm/node-curl/0.3.3/package.tgz
91 verbose tar unpacking to /home/AD/arpit.jain/invstocracy/nodejs/node_modules/.staging/node-curl-d07f0715
92 silly gentlyRm /home/AD/arpit.jain/invstocracy/nodejs/node_modules/.staging/node-curl-d07f0715 is being purged
93 verbose gentlyRm don't care about contents; nuking /home/AD/arpit.jain/invstocracy/nodejs/node_modules/.staging/node-curl-d07f0715
94 silly gunzTarPerm modes [ '755', '644' ]
95 silly gunzTarPerm extractEntry package.json
96 silly gunzTarPerm extractEntry .npmignore
97 silly gunzTarPerm extractEntry README.md
98 silly gunzTarPerm extractEntry index.js
99 silly gunzTarPerm extractEntry binding.gyp
100 silly gunzTarPerm extractEntry examples/curl.js
101 silly gunzTarPerm extractEntry examples/low-level.js
102 silly gunzTarPerm extractEntry examples/post-multi-part.js
103 silly gunzTarPerm extractEntry examples/test.js
104 silly gunzTarPerm extractEntry examples/low-level-pressure.js
105 silly gunzTarPerm extractEntry examples/test-stream.js
106 silly gunzTarPerm extractEntry examples/pressure-multi-post.js
107 silly gunzTarPerm extractEntry examples/test-get-info.js
108 silly gunzTarPerm extractEntry examples/test-errors.js
109 silly gunzTarPerm extractEntry examples/quick-start.js
110 silly gunzTarPerm extractEntry examples/post.js
111 silly gunzTarPerm extractEntry examples/pressure.js
112 silly gunzTarPerm extractEntry examples/pressure.toffee
113 silly gunzTarPerm extractEntry examples/curl.toffee
114 silly gunzTarPerm extractEntry examples/test-errors.toffee
115 silly gunzTarPerm extractEntry examples/pressure-multi-post.toffee
116 silly gunzTarPerm extractEntry examples/post.toffee
117 silly gunzTarPerm extractEntry examples/test-stream.toffee
118 silly gunzTarPerm extractEntry examples/post-multi-part.toffee
119 silly gunzTarPerm extractEntry examples/test.toffee
120 silly gunzTarPerm extractEntry .travis.yml
121 silly gunzTarPerm extractEntry index.toffee
122 silly gunzTarPerm extractEntry lib/Curl.js
123 silly gunzTarPerm extractEntry lib/CurlBuilder.js
124 silly gunzTarPerm extractEntry lib/Curl.toffee
125 silly gunzTarPerm extractEntry lib/CurlBuilder.toffee
126 silly gunzTarPerm extractEntry LICENSE-MIT
127 silly gunzTarPerm extractEntry src/generate_curl_options_list.sh
128 silly gunzTarPerm extractEntry src/node-curl.cc
129 silly gunzTarPerm extractEntry src/node-curl.h
130 silly gunzTarPerm extractEntry wscript
131 silly gentlyRm /home/AD/arpit.jain/invstocracy/nodejs/node_modules/.staging/node-curl-d07f0715/node_modules is being purged
132 verbose gentlyRm don't care about contents; nuking /home/AD/arpit.jain/invstocracy/nodejs/node_modules/.staging/node-curl-d07f0715/node_modules
133 silly doParallel preinstall 1
134 silly preinstall node-curl@0.3.3
135 info lifecycle node-curl@0.3.3~preinstall: node-curl@0.3.3
136 silly lifecycle node-curl@0.3.3~preinstall: no script for preinstall, continuing
137 silly doReverseSerial remove 0
138 silly doSerial move 0
139 silly doSerial finalize 1
140 silly finalize /home/AD/arpit.jain/invstocracy/nodejs/node_modules/node-curl
141 silly doSerial build 1
142 silly build node-curl@0.3.3
143 info linkStuff node-curl@0.3.3
144 silly linkStuff node-curl@0.3.3 has /home/AD/arpit.jain/invstocracy/nodejs/node_modules as its parent node_modules
145 verbose linkBins node-curl@0.3.3
146 verbose linkMans node-curl@0.3.3
147 silly doSerial global-link 0
148 silly doParallel update-linked 0
149 silly doSerial install 1
150 silly install node-curl@0.3.3
151 info lifecycle node-curl@0.3.3~install: node-curl@0.3.3
152 verbose lifecycle node-curl@0.3.3~install: unsafe-perm in lifecycle true
153 verbose lifecycle node-curl@0.3.3~install: PATH: /home/AD/arpit.jain/local/lib/node_modules/npm/bin/node-gyp-bin:/home/AD/arpit.jain/invstocracy/nodejs/node_modules/node-curl/node_modules/.bin:/home/AD/arpit.jain/invstocracy/nodejs/node_modules/.bin:/home/AD/arpit.jain/local/bin:/home/AD/arpit.jain/Downloads/apache-maven-3.3.9/bin:/usr/lib64/qt-3.3/bin:/usr/local/bin:/usr/bin:/usr/local/sbin:/usr/sbin:/opt/dell/srvadmin/bin:/home/AD/arpit.jain/.local/bin:/home/AD/arpit.jain/bin
154 verbose lifecycle node-curl@0.3.3~install: CWD: /home/AD/arpit.jain/invstocracy/nodejs/node_modules/node-curl
155 silly lifecycle node-curl@0.3.3~install: Args: [ '-c',
155 silly lifecycle   'sh src/generate_curl_options_list.sh && (node-gyp rebuild || node-waf configure build)' ]
156 info lifecycle node-curl@0.3.3~install: Failed to exec install script
157 verbose unlock done using /home/AD/arpit.jain/.npm/_locks/staging-48c8bf2939d3fd80.lock for /home/AD/arpit.jain/invstocracy/nodejs/node_modules/.staging
158 silly rollbackFailedOptional Starting
159 silly gentlyRm /home/AD/arpit.jain/invstocracy/nodejs/node_modules/node-curl is being purged from base /home/AD/arpit.jain/invstocracy/nodejs
160 verbose gentlyRm don't care about contents; nuking /home/AD/arpit.jain/invstocracy/nodejs/node_modules/node-curl
161 silly gentlyRm /home/AD/arpit.jain/invstocracy/nodejs/node_modules/node-curl is being purged from base /home/AD/arpit.jain/invstocracy/nodejs
162 verbose gentlyRm don't care about contents; nuking /home/AD/arpit.jain/invstocracy/nodejs/node_modules/node-curl
163 silly gentlyRm /home/AD/arpit.jain/invstocracy/nodejs/node_modules/node-curl is being purged from base /home/AD/arpit.jain/invstocracy/nodejs
164 verbose gentlyRm don't care about contents; nuking /home/AD/arpit.jain/invstocracy/nodejs/node_modules/node-curl
165 silly gentlyRm /home/AD/arpit.jain/invstocracy/nodejs/node_modules/node-curl is being purged from base /home/AD/arpit.jain/invstocracy/nodejs
166 verbose gentlyRm don't care about contents; nuking /home/AD/arpit.jain/invstocracy/nodejs/node_modules/node-curl
167 silly gentlyRm /home/AD/arpit.jain/invstocracy/nodejs/node_modules/node-curl is being purged from base /home/AD/arpit.jain/invstocracy/nodejs
168 verbose gentlyRm don't care about contents; nuking /home/AD/arpit.jain/invstocracy/nodejs/node_modules/node-curl
169 silly gentlyRm /home/AD/arpit.jain/invstocracy/nodejs/node_modules/node-curl is being purged from base /home/AD/arpit.jain/invstocracy/nodejs
170 verbose gentlyRm don't care about contents; nuking /home/AD/arpit.jain/invstocracy/nodejs/node_modules/node-curl
171 silly gentlyRm /home/AD/arpit.jain/invstocracy/nodejs/node_modules/node-curl is being purged from base /home/AD/arpit.jain/invstocracy/nodejs
172 verbose gentlyRm don't care about contents; nuking /home/AD/arpit.jain/invstocracy/nodejs/node_modules/node-curl
173 silly gentlyRm /home/AD/arpit.jain/invstocracy/nodejs/node_modules/node-curl is being purged from base /home/AD/arpit.jain/invstocracy/nodejs
174 verbose gentlyRm don't care about contents; nuking /home/AD/arpit.jain/invstocracy/nodejs/node_modules/node-curl
175 silly vacuum-fs purging /home/AD/arpit.jain/invstocracy/nodejs/node_modules/node-curl
176 silly vacuum-fs purging /home/AD/arpit.jain/invstocracy/nodejs/node_modules/node-curl
177 silly vacuum-fs purging /home/AD/arpit.jain/invstocracy/nodejs/node_modules/node-curl
178 silly vacuum-fs purging /home/AD/arpit.jain/invstocracy/nodejs/node_modules/node-curl
179 silly vacuum-fs purging /home/AD/arpit.jain/invstocracy/nodejs/node_modules/node-curl
180 silly vacuum-fs purging /home/AD/arpit.jain/invstocracy/nodejs/node_modules/node-curl
181 silly vacuum-fs purging /home/AD/arpit.jain/invstocracy/nodejs/node_modules/node-curl
182 silly vacuum-fs purging /home/AD/arpit.jain/invstocracy/nodejs/node_modules/node-curl
183 silly vacuum-fs quitting because other entries in /home/AD/arpit.jain/invstocracy/nodejs/node_modules
184 silly vacuum-fs quitting because other entries in /home/AD/arpit.jain/invstocracy/nodejs/node_modules
185 silly vacuum-fs quitting because other entries in /home/AD/arpit.jain/invstocracy/nodejs/node_modules
186 silly vacuum-fs quitting because other entries in /home/AD/arpit.jain/invstocracy/nodejs/node_modules
187 silly vacuum-fs quitting because other entries in /home/AD/arpit.jain/invstocracy/nodejs/node_modules
188 silly vacuum-fs quitting because other entries in /home/AD/arpit.jain/invstocracy/nodejs/node_modules
189 silly vacuum-fs quitting because other entries in /home/AD/arpit.jain/invstocracy/nodejs/node_modules
190 silly vacuum-fs quitting because other entries in /home/AD/arpit.jain/invstocracy/nodejs/node_modules
191 silly rollbackFailedOptional Finishing
192 silly runTopLevelLifecycles Finishing
193 silly install printInstalled
194 warn investocracy@1.0.0 No repository field.
195 verbose If you need help, you may report this error at:
195 verbose     <https://github.com/npm/npm/issues>
196 verbose stack Error: node-curl@0.3.3 install: `sh src/generate_curl_options_list.sh && (node-gyp rebuild || node-waf configure build)`
196 verbose stack spawn ENOENT
196 verbose stack     at ChildProcess.<anonymous> (/home/AD/arpit.jain/local/lib/node_modules/npm/lib/utils/spawn.js:33:16)
196 verbose stack     at emitTwo (events.js:106:13)
196 verbose stack     at ChildProcess.emit (events.js:192:7)
196 verbose stack     at maybeClose (internal/child_process.js:890:16)
196 verbose stack     at Process.ChildProcess._handle.onexit (internal/child_process.js:226:5)
197 verbose pkgid node-curl@0.3.3
198 verbose cwd /home/AD/arpit.jain/invstocracy/nodejs
199 error Linux 4.6.4-1.el7.elrepo.x86_64
200 error argv "/home/AD/arpit.jain/local/bin/node" "/home/AD/arpit.jain/local/bin/npm" "install" "node-curl"
201 error node v7.5.0
202 error npm  v4.1.2
203 error file sh
204 error code ELIFECYCLE
205 error errno ENOENT
206 error syscall spawn
207 error node-curl@0.3.3 install: `sh src/generate_curl_options_list.sh && (node-gyp rebuild || node-waf configure build)`
207 error spawn ENOENT
208 error Failed at the node-curl@0.3.3 install script 'sh src/generate_curl_options_list.sh && (node-gyp rebuild || node-waf configure build)'.
208 error Make sure you have the latest version of node.js and npm installed.
208 error If you do, this is most likely a problem with the node-curl package,
208 error not with npm itself.
208 error Tell the author that this fails on your system:
208 error     sh src/generate_curl_options_list.sh && (node-gyp rebuild || node-waf configure build)
208 error You can get information on how to open an issue for this project with:
208 error     npm bugs node-curl
208 error Or if that isn't available, you can get their info via:
208 error     npm owner ls node-curl
208 error There is likely additional logging output above.
209 verbose exit [ 1, true ]
